<?xml version="1.0" encoding="UTF-8"?>
<!-- Generated by org.testng.reporters.JUnitReportReporter -->
<testsuite hostname="Haoshen-PC" name="com.SQL.test.TestExcel" tests="2" failures="0" timestamp="6 Jan 2015 22:45:05 GMT" time="21.621" errors="0">
  <testcase name="ExcelLoginTest01" time="7.218" classname="com.SQL.test.TestExcel"/>
  <testcase name="ExcelLoginTest02" time="14.403" classname="com.SQL.test.TestExcel"/>
</testsuite> <!-- com.SQL.test.TestExcel -->
