<?xml version="1.0" encoding="UTF-8"?>
<!-- Generated by org.testng.reporters.JUnitReportReporter -->
<testsuite hostname="navids-mbp.att.net" name="com.test.testcases.LogInTest" tests="2" failures="0" timestamp="19 Sep 2014 23:26:04 GMT" time="10.815" errors="0">
  <testcase name="testLogin01" time="5.719" classname="com.test.testcases.LogInTest"/>
  <testcase name="testLogin02" time="5.096" classname="com.test.testcases.LogInTest"/>
</testsuite> <!-- com.test.testcases.LogInTest -->
